
 11/6/2023 12:13:08 PM Service Starting service
 11/6/2023 12:13:08 PM Bus Became bus client

 11/6/2023 12:13:08 PM Middleware::Response Success
 11/6/2023 12:13:08 PM Service Initializing modules

------------------------------------------------------------------------------
----------------------------------AutoLogOut----------------------------------
------------------------------------------------------------------------------
 11/6/2023 12:13:08 PM Client-Info Client Version: 0.12.0
 11/6/2023 12:13:08 PM Client-Info Client OS:      Windows
 11/6/2023 12:13:08 PM Client-Info Server Version: 1.5.9
 11/6/2023 12:13:08 PM Bus::Client Connection established
 11/6/2023 12:13:08 PM Middleware::Response Success
------------------------------------------------------------------------------


------------------------------------------------------------------------------
-----------------------------DefaultPrinterManager----------------------------
------------------------------------------------------------------------------
 11/6/2023 12:13:08 PM Client-Info Client Version: 0.12.0
 11/6/2023 12:13:08 PM Client-Info Client OS:      Windows
 11/6/2023 12:13:08 PM Client-Info Server Version: 1.5.9
 11/6/2023 12:13:08 PM Middleware::Response Success
------------------------------------------------------------------------------


------------------------------------------------------------------------------
--------------------------------DisplayManager--------------------------------
------------------------------------------------------------------------------
 11/6/2023 12:13:08 PM Client-Info Client Version: 0.12.0
 11/6/2023 12:13:08 PM Client-Info Client OS:      Windows
 11/6/2023 12:13:08 PM Client-Info Server Version: 1.5.9
 11/6/2023 12:13:08 PM Middleware::Response Success
 11/6/2023 12:13:08 PM DisplayManager ERROR: Invalid settings provided
------------------------------------------------------------------------------

 11/6/2023 12:13:08 PM Service Sleeping for 508 seconds

 11/6/2023 12:21:10 PM Service Starting service
 11/6/2023 12:21:10 PM Bus Became bus client

 11/6/2023 12:21:11 PM Middleware::Response Success
 11/6/2023 12:21:11 PM Service Initializing modules

------------------------------------------------------------------------------
----------------------------------AutoLogOut----------------------------------
------------------------------------------------------------------------------
 11/6/2023 12:21:11 PM Client-Info Client Version: 0.12.0
 11/6/2023 12:21:11 PM Client-Info Client OS:      Windows
 11/6/2023 12:21:11 PM Client-Info Server Version: 1.5.9
 11/6/2023 12:21:11 PM Middleware::Response Success
------------------------------------------------------------------------------


------------------------------------------------------------------------------
-----------------------------DefaultPrinterManager----------------------------
------------------------------------------------------------------------------
 11/6/2023 12:21:11 PM Client-Info Client Version: 0.12.0
 11/6/2023 12:21:11 PM Client-Info Client OS:      Windows
 11/6/2023 12:21:11 PM Client-Info Server Version: 1.5.9
 11/6/2023 12:21:11 PM Middleware::Response Success
------------------------------------------------------------------------------


------------------------------------------------------------------------------
--------------------------------DisplayManager--------------------------------
------------------------------------------------------------------------------
 11/6/2023 12:21:11 PM Client-Info Client Version: 0.12.0
 11/6/2023 12:21:11 PM Client-Info Client OS:      Windows
 11/6/2023 12:21:11 PM Client-Info Server Version: 1.5.9
 11/6/2023 12:21:11 PM Middleware::Response Success
 11/6/2023 12:21:11 PM DisplayManager ERROR: Invalid settings provided
------------------------------------------------------------------------------

 11/6/2023 12:21:11 PM Service Sleeping for 508 seconds
 11/6/2023 12:21:13 PM Bus::Client ERROR: No connection could be made because the target machine actively refused it
 11/6/2023 12:21:13 PM Bus::Client ERROR: Connection lost due to socket error
 11/6/2023 12:21:45 PM Bus::Client ERROR: No connection could be made because the target machine actively refused it
 11/6/2023 12:22:13 PM Bus::Client Connection established
 11/6/2023 12:29:39 PM Middleware::Response Success

------------------------------------------------------------------------------
----------------------------------AutoLogOut----------------------------------
------------------------------------------------------------------------------
 11/6/2023 12:29:39 PM Client-Info Client Version: 0.12.0
 11/6/2023 12:29:39 PM Client-Info Client OS:      Windows
 11/6/2023 12:29:39 PM Client-Info Server Version: 1.5.9
 11/6/2023 12:29:39 PM Middleware::Response Success
------------------------------------------------------------------------------


------------------------------------------------------------------------------
-----------------------------DefaultPrinterManager----------------------------
------------------------------------------------------------------------------
 11/6/2023 12:29:39 PM Client-Info Client Version: 0.12.0
 11/6/2023 12:29:39 PM Client-Info Client OS:      Windows
 11/6/2023 12:29:39 PM Client-Info Server Version: 1.5.9
 11/6/2023 12:29:39 PM Middleware::Response Success
------------------------------------------------------------------------------


------------------------------------------------------------------------------
--------------------------------DisplayManager--------------------------------
------------------------------------------------------------------------------
 11/6/2023 12:29:39 PM Client-Info Client Version: 0.12.0
 11/6/2023 12:29:39 PM Client-Info Client OS:      Windows
 11/6/2023 12:29:39 PM Client-Info Server Version: 1.5.9
 11/6/2023 12:29:39 PM Middleware::Response Success
 11/6/2023 12:29:39 PM DisplayManager ERROR: Invalid settings provided
------------------------------------------------------------------------------

 11/6/2023 12:29:39 PM Service Sleeping for 583 seconds
 11/6/2023 12:39:22 PM Middleware::Response Success

------------------------------------------------------------------------------
----------------------------------AutoLogOut----------------------------------
------------------------------------------------------------------------------
 11/6/2023 12:39:22 PM Client-Info Client Version: 0.12.0
 11/6/2023 12:39:22 PM Client-Info Client OS:      Windows
 11/6/2023 12:39:22 PM Client-Info Server Version: 1.5.9
 11/6/2023 12:39:22 PM Middleware::Response Success
------------------------------------------------------------------------------


------------------------------------------------------------------------------
-----------------------------DefaultPrinterManager----------------------------
------------------------------------------------------------------------------
 11/6/2023 12:39:22 PM Client-Info Client Version: 0.12.0
 11/6/2023 12:39:22 PM Client-Info Client OS:      Windows
 11/6/2023 12:39:22 PM Client-Info Server Version: 1.5.9
 11/6/2023 12:39:22 PM Middleware::Response Success
------------------------------------------------------------------------------


------------------------------------------------------------------------------
--------------------------------DisplayManager--------------------------------
------------------------------------------------------------------------------
 11/6/2023 12:39:22 PM Client-Info Client Version: 0.12.0
 11/6/2023 12:39:22 PM Client-Info Client OS:      Windows
 11/6/2023 12:39:22 PM Client-Info Server Version: 1.5.9
 11/6/2023 12:39:22 PM Middleware::Response Success
 11/6/2023 12:39:22 PM DisplayManager ERROR: Invalid settings provided
------------------------------------------------------------------------------

 11/6/2023 12:39:22 PM Service Sleeping for 563 seconds
 11/6/2023 12:48:45 PM Middleware::Response Success

------------------------------------------------------------------------------
----------------------------------AutoLogOut----------------------------------
------------------------------------------------------------------------------
 11/6/2023 12:48:45 PM Client-Info Client Version: 0.12.0
 11/6/2023 12:48:45 PM Client-Info Client OS:      Windows
 11/6/2023 12:48:45 PM Client-Info Server Version: 1.5.9
 11/6/2023 12:48:45 PM Middleware::Response Success
------------------------------------------------------------------------------


------------------------------------------------------------------------------
-----------------------------DefaultPrinterManager----------------------------
------------------------------------------------------------------------------
 11/6/2023 12:48:45 PM Client-Info Client Version: 0.12.0
 11/6/2023 12:48:45 PM Client-Info Client OS:      Windows
 11/6/2023 12:48:45 PM Client-Info Server Version: 1.5.9
 11/6/2023 12:48:45 PM Middleware::Response Success
------------------------------------------------------------------------------


------------------------------------------------------------------------------
--------------------------------DisplayManager--------------------------------
------------------------------------------------------------------------------
 11/6/2023 12:48:45 PM Client-Info Client Version: 0.12.0
 11/6/2023 12:48:45 PM Client-Info Client OS:      Windows
 11/6/2023 12:48:45 PM Client-Info Server Version: 1.5.9
 11/6/2023 12:48:45 PM Middleware::Response Success
 11/6/2023 12:48:45 PM DisplayManager ERROR: Invalid settings provided
------------------------------------------------------------------------------

 11/6/2023 12:48:45 PM Service Sleeping for 570 seconds
 11/6/2023 12:58:15 PM Middleware::Response Success

------------------------------------------------------------------------------
----------------------------------AutoLogOut----------------------------------
------------------------------------------------------------------------------
 11/6/2023 12:58:15 PM Client-Info Client Version: 0.12.0
 11/6/2023 12:58:15 PM Client-Info Client OS:      Windows
 11/6/2023 12:58:15 PM Client-Info Server Version: 1.5.9
 11/6/2023 12:58:15 PM Middleware::Response Success
------------------------------------------------------------------------------


------------------------------------------------------------------------------
-----------------------------DefaultPrinterManager----------------------------
------------------------------------------------------------------------------
 11/6/2023 12:58:15 PM Client-Info Client Version: 0.12.0
 11/6/2023 12:58:15 PM Client-Info Client OS:      Windows
 11/6/2023 12:58:15 PM Client-Info Server Version: 1.5.9
 11/6/2023 12:58:15 PM Middleware::Response Success
------------------------------------------------------------------------------


------------------------------------------------------------------------------
--------------------------------DisplayManager--------------------------------
------------------------------------------------------------------------------
 11/6/2023 12:58:15 PM Client-Info Client Version: 0.12.0
 11/6/2023 12:58:15 PM Client-Info Client OS:      Windows
 11/6/2023 12:58:15 PM Client-Info Server Version: 1.5.9
 11/6/2023 12:58:15 PM Middleware::Response Success
 11/6/2023 12:58:15 PM DisplayManager ERROR: Invalid settings provided
------------------------------------------------------------------------------

 11/6/2023 12:58:15 PM Service Sleeping for 529 seconds
 11/6/2023 1:07:04 PM Middleware::Response Success

------------------------------------------------------------------------------
----------------------------------AutoLogOut----------------------------------
------------------------------------------------------------------------------
 11/6/2023 1:07:04 PM Client-Info Client Version: 0.12.0
 11/6/2023 1:07:04 PM Client-Info Client OS:      Windows
 11/6/2023 1:07:04 PM Client-Info Server Version: 1.5.9
 11/6/2023 1:07:04 PM Middleware::Response Success
------------------------------------------------------------------------------


------------------------------------------------------------------------------
-----------------------------DefaultPrinterManager----------------------------
------------------------------------------------------------------------------
 11/6/2023 1:07:04 PM Client-Info Client Version: 0.12.0
 11/6/2023 1:07:04 PM Client-Info Client OS:      Windows
 11/6/2023 1:07:04 PM Client-Info Server Version: 1.5.9
 11/6/2023 1:07:04 PM Middleware::Response Success
------------------------------------------------------------------------------


------------------------------------------------------------------------------
--------------------------------DisplayManager--------------------------------
------------------------------------------------------------------------------
 11/6/2023 1:07:04 PM Client-Info Client Version: 0.12.0
 11/6/2023 1:07:04 PM Client-Info Client OS:      Windows
 11/6/2023 1:07:04 PM Client-Info Server Version: 1.5.9
 11/6/2023 1:07:04 PM Middleware::Response Success
 11/6/2023 1:07:04 PM DisplayManager ERROR: Invalid settings provided
------------------------------------------------------------------------------

 11/6/2023 1:07:04 PM Service Sleeping for 535 seconds
 11/6/2023 1:15:59 PM Middleware::Response Success

------------------------------------------------------------------------------
----------------------------------AutoLogOut----------------------------------
------------------------------------------------------------------------------
 11/6/2023 1:15:59 PM Client-Info Client Version: 0.12.0
 11/6/2023 1:15:59 PM Client-Info Client OS:      Windows
 11/6/2023 1:15:59 PM Client-Info Server Version: 1.5.9
 11/6/2023 1:15:59 PM Middleware::Response Success
------------------------------------------------------------------------------


------------------------------------------------------------------------------
-----------------------------DefaultPrinterManager----------------------------
------------------------------------------------------------------------------
 11/6/2023 1:15:59 PM Client-Info Client Version: 0.12.0
 11/6/2023 1:15:59 PM Client-Info Client OS:      Windows
 11/6/2023 1:15:59 PM Client-Info Server Version: 1.5.9
 11/6/2023 1:15:59 PM Middleware::Response Success
------------------------------------------------------------------------------


------------------------------------------------------------------------------
--------------------------------DisplayManager--------------------------------
------------------------------------------------------------------------------
 11/6/2023 1:15:59 PM Client-Info Client Version: 0.12.0
 11/6/2023 1:15:59 PM Client-Info Client OS:      Windows
 11/6/2023 1:15:59 PM Client-Info Server Version: 1.5.9
 11/6/2023 1:15:59 PM Middleware::Response Success
 11/6/2023 1:15:59 PM DisplayManager ERROR: Invalid settings provided
------------------------------------------------------------------------------

 11/6/2023 1:15:59 PM Service Sleeping for 567 seconds
 11/6/2023 1:25:26 PM Middleware::Response Success

------------------------------------------------------------------------------
----------------------------------AutoLogOut----------------------------------
------------------------------------------------------------------------------
 11/6/2023 1:25:26 PM Client-Info Client Version: 0.12.0
 11/6/2023 1:25:26 PM Client-Info Client OS:      Windows
 11/6/2023 1:25:26 PM Client-Info Server Version: 1.5.9
 11/6/2023 1:25:26 PM Middleware::Response Success
------------------------------------------------------------------------------


------------------------------------------------------------------------------
-----------------------------DefaultPrinterManager----------------------------
------------------------------------------------------------------------------
 11/6/2023 1:25:26 PM Client-Info Client Version: 0.12.0
 11/6/2023 1:25:26 PM Client-Info Client OS:      Windows
 11/6/2023 1:25:26 PM Client-Info Server Version: 1.5.9
 11/6/2023 1:25:26 PM Middleware::Response Success
------------------------------------------------------------------------------


------------------------------------------------------------------------------
--------------------------------DisplayManager--------------------------------
------------------------------------------------------------------------------
 11/6/2023 1:25:26 PM Client-Info Client Version: 0.12.0
 11/6/2023 1:25:26 PM Client-Info Client OS:      Windows
 11/6/2023 1:25:26 PM Client-Info Server Version: 1.5.9
 11/6/2023 1:25:26 PM Middleware::Response Success
 11/6/2023 1:25:26 PM DisplayManager ERROR: Invalid settings provided
------------------------------------------------------------------------------

 11/6/2023 1:25:26 PM Service Sleeping for 535 seconds
 11/6/2023 1:34:21 PM Middleware::Response Success

------------------------------------------------------------------------------
----------------------------------AutoLogOut----------------------------------
------------------------------------------------------------------------------
 11/6/2023 1:34:21 PM Client-Info Client Version: 0.12.0
 11/6/2023 1:34:21 PM Client-Info Client OS:      Windows
 11/6/2023 1:34:21 PM Client-Info Server Version: 1.5.9
 11/6/2023 1:34:21 PM Middleware::Response Success
------------------------------------------------------------------------------


------------------------------------------------------------------------------
-----------------------------DefaultPrinterManager----------------------------
------------------------------------------------------------------------------
 11/6/2023 1:34:21 PM Client-Info Client Version: 0.12.0
 11/6/2023 1:34:21 PM Client-Info Client OS:      Windows
 11/6/2023 1:34:21 PM Client-Info Server Version: 1.5.9
 11/6/2023 1:34:21 PM Middleware::Response Success
------------------------------------------------------------------------------


------------------------------------------------------------------------------
--------------------------------DisplayManager--------------------------------
------------------------------------------------------------------------------
 11/6/2023 1:34:21 PM Client-Info Client Version: 0.12.0
 11/6/2023 1:34:21 PM Client-Info Client OS:      Windows
 11/6/2023 1:34:21 PM Client-Info Server Version: 1.5.9
 11/6/2023 1:34:21 PM Middleware::Response Success
 11/6/2023 1:34:21 PM DisplayManager ERROR: Invalid settings provided
------------------------------------------------------------------------------

 11/6/2023 1:34:21 PM Service Sleeping for 569 seconds

 11/8/2023 12:13:54 PM Service Starting service
 11/8/2023 12:13:54 PM Bus Became bus client

 11/8/2023 12:13:54 PM Middleware::Response Success
 11/8/2023 12:13:54 PM Service Initializing modules

------------------------------------------------------------------------------
----------------------------------AutoLogOut----------------------------------
------------------------------------------------------------------------------
 11/8/2023 12:13:54 PM Client-Info Client Version: 0.12.0
 11/8/2023 12:13:54 PM Client-Info Client OS:      Windows
 11/8/2023 12:13:54 PM Client-Info Server Version: 1.5.9
 11/8/2023 12:13:54 PM Bus::Client Connection established
 11/8/2023 12:13:54 PM Middleware::Response Success
------------------------------------------------------------------------------


------------------------------------------------------------------------------
-----------------------------DefaultPrinterManager----------------------------
------------------------------------------------------------------------------
 11/8/2023 12:13:55 PM Client-Info Client Version: 0.12.0
 11/8/2023 12:13:55 PM Client-Info Client OS:      Windows
 11/8/2023 12:13:55 PM Client-Info Server Version: 1.5.9
 11/8/2023 12:13:55 PM Middleware::Response Success
------------------------------------------------------------------------------


------------------------------------------------------------------------------
--------------------------------DisplayManager--------------------------------
------------------------------------------------------------------------------
 11/8/2023 12:13:55 PM Client-Info Client Version: 0.12.0
 11/8/2023 12:13:55 PM Client-Info Client OS:      Windows
 11/8/2023 12:13:55 PM Client-Info Server Version: 1.5.9
 11/8/2023 12:13:55 PM Middleware::Response Success
 11/8/2023 12:13:55 PM DisplayManager ERROR: Invalid settings provided
------------------------------------------------------------------------------

 11/8/2023 12:13:55 PM Service Sleeping for 554 seconds
 11/8/2023 12:23:09 PM Middleware::Response Success

------------------------------------------------------------------------------
----------------------------------AutoLogOut----------------------------------
------------------------------------------------------------------------------
 11/8/2023 12:23:09 PM Client-Info Client Version: 0.12.0
 11/8/2023 12:23:09 PM Client-Info Client OS:      Windows
 11/8/2023 12:23:09 PM Client-Info Server Version: 1.5.9
 11/8/2023 12:23:09 PM Middleware::Response Success
------------------------------------------------------------------------------


------------------------------------------------------------------------------
-----------------------------DefaultPrinterManager----------------------------
------------------------------------------------------------------------------
 11/8/2023 12:23:09 PM Client-Info Client Version: 0.12.0
 11/8/2023 12:23:09 PM Client-Info Client OS:      Windows
 11/8/2023 12:23:09 PM Client-Info Server Version: 1.5.9
 11/8/2023 12:23:09 PM Middleware::Response Success
------------------------------------------------------------------------------


------------------------------------------------------------------------------
--------------------------------DisplayManager--------------------------------
------------------------------------------------------------------------------
 11/8/2023 12:23:09 PM Client-Info Client Version: 0.12.0
 11/8/2023 12:23:09 PM Client-Info Client OS:      Windows
 11/8/2023 12:23:09 PM Client-Info Server Version: 1.5.9
 11/8/2023 12:23:09 PM Middleware::Response Success
 11/8/2023 12:23:09 PM DisplayManager ERROR: Invalid settings provided
------------------------------------------------------------------------------

 11/8/2023 12:23:09 PM Service Sleeping for 513 seconds
